Reading data...Done
(10, 2623, 2772)
(10, 2623)
(10, 374, 2772)
(10, 374)
logit shape:  (?, ?, 7)
Entering training loop
Epochs 000, train loss: 1.63, train accuracy: 38.22%, valid loss: 1.95, valid accuracy: 18.45%, test loss: 1.96, test accuracy: 17.11%
Epochs 001, train loss: 1.06, train accuracy: 71.74%, valid loss: 1.24, valid accuracy: 62.07%, test loss: 1.27, test accuracy: 59.89%
Epochs 002, train loss: 0.85, train accuracy: 79.68%, valid loss: 1.10, valid accuracy: 64.63%, test loss: 1.13, test accuracy: 63.80%
Epochs 003, train loss: 0.59, train accuracy: 85.44%, valid loss: 0.66, valid accuracy: 83.94%, test loss: 0.69, test accuracy: 81.87%
Epochs 004, train loss: 0.46, train accuracy: 89.35%, valid loss: 0.55, valid accuracy: 85.35%, test loss: 0.56, test accuracy: 82.97%
Epochs 005, train loss: 0.36, train accuracy: 91.38%, valid loss: 0.41, valid accuracy: 88.99%, test loss: 0.42, test accuracy: 88.05%
Epochs 006, train loss: 0.30, train accuracy: 92.81%, valid loss: 0.37, valid accuracy: 88.93%, test loss: 0.39, test accuracy: 87.86%
Epochs 007, train loss: 0.25, train accuracy: 94.21%, valid loss: 0.28, valid accuracy: 92.44%, test loss: 0.29, test accuracy: 91.28%
Epochs 008, train loss: 0.22, train accuracy: 94.73%, valid loss: 0.32, valid accuracy: 90.79%, test loss: 0.35, test accuracy: 90.61%
Epochs 009, train loss: 0.19, train accuracy: 95.26%, valid loss: 0.20, valid accuracy: 94.31%, test loss: 0.20, test accuracy: 94.57%
Epochs 010, train loss: 0.16, train accuracy: 96.16%, valid loss: 0.19, valid accuracy: 94.35%, test loss: 0.20, test accuracy: 93.80%
Epochs 011, train loss: 0.15, train accuracy: 96.32%, valid loss: 0.18, valid accuracy: 95.18%, test loss: 0.18, test accuracy: 95.11%
Epochs 012, train loss: 0.14, train accuracy: 96.62%, valid loss: 0.16, valid accuracy: 95.43%, test loss: 0.18, test accuracy: 94.63%
Epochs 013, train loss: 0.12, train accuracy: 96.96%, valid loss: 0.12, valid accuracy: 96.68%, test loss: 0.12, test accuracy: 96.36%
Epochs 014, train loss: 0.12, train accuracy: 96.82%, valid loss: 0.21, valid accuracy: 93.26%, test loss: 0.22, test accuracy: 92.65%
Epochs 015, train loss: 0.09, train accuracy: 97.76%, valid loss: 0.13, valid accuracy: 96.25%, test loss: 0.12, test accuracy: 96.26%
Epochs 016, train loss: 0.11, train accuracy: 97.29%, valid loss: 0.14, valid accuracy: 95.61%, test loss: 0.14, test accuracy: 96.04%
Epochs 017, train loss: 0.08, train accuracy: 97.81%, valid loss: 0.10, valid accuracy: 97.45%, test loss: 0.10, test accuracy: 97.01%
Epochs 018, train loss: 0.11, train accuracy: 97.20%, valid loss: 0.11, valid accuracy: 97.28%, test loss: 0.11, test accuracy: 96.28%
Epochs 019, train loss: 0.07, train accuracy: 98.39%, valid loss: 0.17, valid accuracy: 94.51%, test loss: 0.21, test accuracy: 93.18%
Epochs 020, train loss: 0.08, train accuracy: 97.99%, valid loss: 0.07, valid accuracy: 97.84%, test loss: 0.08, test accuracy: 97.03%
Epochs 021, train loss: 0.08, train accuracy: 97.78%, valid loss: 0.09, valid accuracy: 96.58%, test loss: 0.11, test accuracy: 95.75%
Epochs 022, train loss: 0.08, train accuracy: 97.71%, valid loss: 0.15, valid accuracy: 94.78%, test loss: 0.17, test accuracy: 94.92%
Epochs 023, train loss: 0.07, train accuracy: 98.19%, valid loss: 0.12, valid accuracy: 96.80%, test loss: 0.10, test accuracy: 97.09%
Epochs 024, train loss: 0.06, train accuracy: 98.71%, valid loss: 0.07, valid accuracy: 98.20%, test loss: 0.08, test accuracy: 97.75%
Epochs 025, train loss: 0.06, train accuracy: 98.28%, valid loss: 0.06, valid accuracy: 98.52%, test loss: 0.07, test accuracy: 97.38%
Epochs 026, train loss: 0.06, train accuracy: 98.54%, valid loss: 0.09, valid accuracy: 97.73%, test loss: 0.07, test accuracy: 97.97%
Epochs 027, train loss: 0.05, train accuracy: 98.56%, valid loss: 0.08, valid accuracy: 97.48%, test loss: 0.09, test accuracy: 96.47%
Epochs 028, train loss: 0.06, train accuracy: 98.44%, valid loss: 0.06, valid accuracy: 98.42%, test loss: 0.06, test accuracy: 98.58%
Epochs 029, train loss: 0.05, train accuracy: 98.65%, valid loss: 0.06, valid accuracy: 98.37%, test loss: 0.06, test accuracy: 98.24%
Epochs 030, train loss: 0.04, train accuracy: 99.26%, valid loss: 0.06, valid accuracy: 98.17%, test loss: 0.07, test accuracy: 97.33%
Epochs 031, train loss: 0.06, train accuracy: 98.33%, valid loss: 0.29, valid accuracy: 92.38%, test loss: 0.22, test accuracy: 93.48%
Epochs 032, train loss: 0.05, train accuracy: 98.75%, valid loss: 0.05, valid accuracy: 98.62%, test loss: 0.06, test accuracy: 98.40%
Epochs 033, train loss: 0.04, train accuracy: 99.24%, valid loss: 0.17, valid accuracy: 94.23%, test loss: 0.19, test accuracy: 93.48%
Epochs 034, train loss: 0.04, train accuracy: 99.15%, valid loss: 0.05, valid accuracy: 98.85%, test loss: 0.04, test accuracy: 99.06%
Epochs 035, train loss: 0.04, train accuracy: 98.88%, valid loss: 0.04, valid accuracy: 98.97%, test loss: 0.05, test accuracy: 98.74%
Epochs 036, train loss: 0.04, train accuracy: 98.86%, valid loss: 0.06, valid accuracy: 98.13%, test loss: 0.08, test accuracy: 97.30%
Epochs 037, train loss: 0.03, train accuracy: 99.41%, valid loss: 0.05, valid accuracy: 98.46%, test loss: 0.06, test accuracy: 98.16%
Epochs 038, train loss: 0.05, train accuracy: 98.72%, valid loss: 0.05, valid accuracy: 98.77%, test loss: 0.05, test accuracy: 99.06%
Epochs 039, train loss: 0.02, train accuracy: 99.58%, valid loss: 0.05, valid accuracy: 98.62%, test loss: 0.06, test accuracy: 98.50%
Epochs 040, train loss: 0.04, train accuracy: 99.03%, valid loss: 0.08, valid accuracy: 97.48%, test loss: 0.08, test accuracy: 97.17%
Epochs 041, train loss: 0.02, train accuracy: 99.78%, valid loss: 0.10, valid accuracy: 96.33%, test loss: 0.13, test accuracy: 95.91%
Epochs 042, train loss: 0.03, train accuracy: 99.41%, valid loss: 0.04, valid accuracy: 99.00%, test loss: 0.05, test accuracy: 98.93%
Epochs 043, train loss: 0.01, train accuracy: 99.87%, valid loss: 0.05, valid accuracy: 98.74%, test loss: 0.05, test accuracy: 98.72%
Epochs 044, train loss: 0.04, train accuracy: 99.05%, valid loss: 0.06, valid accuracy: 98.02%, test loss: 0.07, test accuracy: 98.24%
Epochs 045, train loss: 0.04, train accuracy: 98.91%, valid loss: 0.04, valid accuracy: 98.91%, test loss: 0.04, test accuracy: 99.33%
Epochs 046, train loss: 0.02, train accuracy: 99.74%, valid loss: 0.06, valid accuracy: 98.26%, test loss: 0.06, test accuracy: 98.40%
Epochs 047, train loss: 0.04, train accuracy: 98.95%, valid loss: 0.04, valid accuracy: 98.89%, test loss: 0.04, test accuracy: 99.20%
Epochs 048, train loss: 0.02, train accuracy: 99.49%, valid loss: 0.05, valid accuracy: 98.74%, test loss: 0.05, test accuracy: 98.64%
Epochs 049, train loss: 0.02, train accuracy: 99.62%, valid loss: 0.04, valid accuracy: 98.76%, test loss: 0.04, test accuracy: 98.90%
Epochs 050, train loss: 0.02, train accuracy: 99.50%, valid loss: 0.07, valid accuracy: 97.81%, test loss: 0.07, test accuracy: 97.91%
Epochs 051, train loss: 0.02, train accuracy: 99.50%, valid loss: 0.05, valid accuracy: 98.84%, test loss: 0.05, test accuracy: 99.01%
Epochs 052, train loss: 0.03, train accuracy: 99.13%, valid loss: 0.06, valid accuracy: 98.38%, test loss: 0.06, test accuracy: 98.45%
Epochs 053, train loss: 0.01, train accuracy: 99.69%, valid loss: 0.17, valid accuracy: 95.46%, test loss: 0.24, test accuracy: 93.40%
Epochs 054, train loss: 0.01, train accuracy: 99.97%, valid loss: 0.05, valid accuracy: 98.50%, test loss: 0.06, test accuracy: 98.29%
Epochs 055, train loss: 0.05, train accuracy: 98.66%, valid loss: 0.04, valid accuracy: 99.04%, test loss: 0.04, test accuracy: 98.90%
Epochs 056, train loss: 0.03, train accuracy: 99.03%, valid loss: 0.04, valid accuracy: 98.80%, test loss: 0.04, test accuracy: 98.96%
Epochs 057, train loss: 0.01, train accuracy: 99.95%, valid loss: 0.04, valid accuracy: 98.93%, test loss: 0.05, test accuracy: 98.85%
Epochs 058, train loss: 0.02, train accuracy: 99.40%, valid loss: 0.04, valid accuracy: 98.80%, test loss: 0.04, test accuracy: 98.90%
Epochs 059, train loss: 0.00, train accuracy: 99.98%, valid loss: 0.04, valid accuracy: 98.93%, test loss: 0.04, test accuracy: 98.90%
Epochs 060, train loss: 0.02, train accuracy: 99.51%, valid loss: 0.04, valid accuracy: 99.01%, test loss: 0.03, test accuracy: 99.12%
Epochs 061, train loss: 0.01, train accuracy: 99.90%, valid loss: 0.04, valid accuracy: 99.07%, test loss: 0.04, test accuracy: 99.09%
Epochs 062, train loss: 0.05, train accuracy: 98.60%, valid loss: 0.04, valid accuracy: 98.88%, test loss: 0.04, test accuracy: 98.85%
Epochs 063, train loss: 0.01, train accuracy: 99.91%, valid loss: 0.10, valid accuracy: 97.00%, test loss: 0.09, test accuracy: 97.17%
Epochs 064, train loss: 0.00, train accuracy: 99.99%, valid loss: 0.05, valid accuracy: 98.41%, test loss: 0.06, test accuracy: 98.37%
Epochs 065, train loss: 0.03, train accuracy: 99.25%, valid loss: 0.04, valid accuracy: 98.93%, test loss: 0.04, test accuracy: 98.82%
Epochs 066, train loss: 0.01, train accuracy: 99.92%, valid loss: 0.04, valid accuracy: 98.68%, test loss: 0.04, test accuracy: 98.93%
Epochs 067, train loss: 0.04, train accuracy: 98.95%, valid loss: 0.03, valid accuracy: 99.15%, test loss: 0.04, test accuracy: 98.90%
Epochs 068, train loss: 0.00, train accuracy: 99.98%, valid loss: 0.05, valid accuracy: 98.50%, test loss: 0.05, test accuracy: 98.66%
Epochs 069, train loss: 0.00, train accuracy: 100.00%, valid loss: 0.04, valid accuracy: 98.84%, test loss: 0.04, test accuracy: 99.12%
Epochs 070, train loss: 0.03, train accuracy: 99.15%, valid loss: 0.03, valid accuracy: 99.08%, test loss: 0.04, test accuracy: 99.01%
Epochs 071, train loss: 0.03, train accuracy: 99.17%, valid loss: 0.03, valid accuracy: 99.12%, test loss: 0.05, test accuracy: 98.98%
Epochs 072, train loss: 0.00, train accuracy: 100.00%, valid loss: 0.05, valid accuracy: 98.77%, test loss: 0.07, test accuracy: 98.64%
Epochs 073, train loss: 0.00, train accuracy: 99.99%, valid loss: 0.05, valid accuracy: 98.85%, test loss: 0.05, test accuracy: 98.80%
Epochs 074, train loss: 0.05, train accuracy: 98.63%, valid loss: 0.04, valid accuracy: 98.99%, test loss: 0.06, test accuracy: 98.32%
Epochs 075, train loss: 0.02, train accuracy: 99.47%, valid loss: 0.05, valid accuracy: 98.50%, test loss: 0.06, test accuracy: 97.75%
Epochs 076, train loss: 0.02, train accuracy: 99.25%, valid loss: 0.06, valid accuracy: 98.18%, test loss: 0.06, test accuracy: 98.02%
Epochs 077, train loss: 0.00, train accuracy: 99.95%, valid loss: 0.04, valid accuracy: 98.88%, test loss: 0.06, test accuracy: 98.53%
Epochs 078, train loss: 0.00, train accuracy: 99.99%, valid loss: 0.03, valid accuracy: 99.05%, test loss: 0.05, test accuracy: 98.72%
Epochs 079, train loss: 0.07, train accuracy: 97.80%, valid loss: 0.03, valid accuracy: 98.88%, test loss: 0.05, test accuracy: 98.96%
Epochs 080, train loss: 0.02, train accuracy: 99.36%, valid loss: 0.11, valid accuracy: 96.49%, test loss: 0.12, test accuracy: 96.04%
Epochs 081, train loss: 0.03, train accuracy: 99.34%, valid loss: 0.22, valid accuracy: 93.23%, test loss: 0.19, test accuracy: 94.20%
Epochs 082, train loss: 0.02, train accuracy: 99.63%, valid loss: 0.06, valid accuracy: 98.42%, test loss: 0.06, test accuracy: 98.37%
Epochs 083, train loss: 0.03, train accuracy: 98.91%, valid loss: 0.22, valid accuracy: 93.97%, test loss: 0.21, test accuracy: 93.64%
Epochs 084, train loss: 0.02, train accuracy: 99.44%, valid loss: 0.05, valid accuracy: 98.65%, test loss: 0.05, test accuracy: 98.58%
Epochs 085, train loss: 0.02, train accuracy: 99.64%, valid loss: 0.19, valid accuracy: 94.03%, test loss: 0.21, test accuracy: 93.61%
Epochs 086, train loss: 0.02, train accuracy: 99.39%, valid loss: 0.05, valid accuracy: 98.85%, test loss: 0.05, test accuracy: 98.61%
Epochs 087, train loss: 0.00, train accuracy: 99.98%, valid loss: 0.06, valid accuracy: 98.36%, test loss: 0.06, test accuracy: 98.48%
Epochs 088, train loss: 0.01, train accuracy: 99.91%, valid loss: 0.05, valid accuracy: 98.80%, test loss: 0.05, test accuracy: 98.88%
Epochs 089, train loss: 0.02, train accuracy: 99.40%, valid loss: 0.07, valid accuracy: 97.86%, test loss: 0.09, test accuracy: 97.46%
Epochs 090, train loss: 0.00, train accuracy: 99.99%, valid loss: 0.05, valid accuracy: 98.58%, test loss: 0.08, test accuracy: 97.94%
Epochs 091, train loss: 0.04, train accuracy: 99.17%, valid loss: 0.05, valid accuracy: 98.87%, test loss: 0.05, test accuracy: 98.72%
Epochs 092, train loss: 0.00, train accuracy: 100.00%, valid loss: 0.05, valid accuracy: 98.93%, test loss: 0.05, test accuracy: 98.69%
Epochs 093, train loss: 0.02, train accuracy: 99.51%, valid loss: 0.05, valid accuracy: 98.92%, test loss: 0.06, test accuracy: 98.16%
Epochs 094, train loss: 0.02, train accuracy: 99.53%, valid loss: 0.20, valid accuracy: 93.55%, test loss: 0.26, test accuracy: 93.56%
Epochs 095, train loss: 0.00, train accuracy: 99.99%, valid loss: 0.04, valid accuracy: 98.95%, test loss: 0.05, test accuracy: 98.66%
Epochs 096, train loss: 0.02, train accuracy: 99.53%, valid loss: 0.04, valid accuracy: 98.88%, test loss: 0.06, test accuracy: 98.37%
Epochs 097, train loss: 0.00, train accuracy: 99.95%, valid loss: 0.05, valid accuracy: 98.93%, test loss: 0.07, test accuracy: 98.18%
Epochs 098, train loss: 0.00, train accuracy: 100.00%, valid loss: 0.04, valid accuracy: 99.20%, test loss: 0.04, test accuracy: 98.72%
Epochs 099, train loss: 0.04, train accuracy: 98.79%, valid loss: 0.05, valid accuracy: 98.89%, test loss: 0.04, test accuracy: 99.22%
# Best epoch 098, train loss: 0.00, train accuracy: 99.95%, valid loss: 0.04, valid accuracy: 99.20%, test loss: 0.04, test accuracy: 98.72%
